<?xml version="1.0" encoding="UTF-8"?>
<testng-results ignored="0" total="0" passed="0" failed="0" skipped="0">
  <reporter-output>
  </reporter-output>
  <suite started-at="2024-12-01T19:53:59 IST" name="Suite" finished-at="2024-12-01T19:54:25 IST" duration-ms="26042">
    <groups>
      <group name="cucumber">
        <method signature="AbstractTestNGCucumberTests.runScenario(io.cucumber.testng.PickleWrapper,io.cucumber.testng.FeatureWrapper)[pri:0, instance:runners.Runner@3c19aaa5]" name="runScenario" class="io.cucumber.testng.AbstractTestNGCucumberTests"/>
      </group> <!-- cucumber -->
    </groups>
    <test started-at="2024-12-01T19:53:59 IST" name="selenium" finished-at="2024-12-01T19:54:25 IST" duration-ms="26042">
      <class name="runners.Runner">
        <test-method is-config="true" signature="setUpClass(org.testng.ITestContext)[pri:0, instance:runners.Runner@3c19aaa5]" started-at="2024-12-01T19:53:59 IST" name="setUpClass" finished-at="2024-12-01T19:53:59 IST" duration-ms="147" status="PASS">
          <params>
            <param index="0">
              <value>
                <![CDATA[org.testng.TestRunner@77f1baf5]]>
              </value>
            </param>
          </params>
          <reporter-output>
          </reporter-output>
        </test-method> <!-- setUpClass -->
        <test-method is-config="true" signature="browserlaunchconfiguration(java.lang.String,java.lang.String)[pri:0, instance:runners.Runner@3c19aaa5]" started-at="2024-12-01T19:53:59 IST" name="browserlaunchconfiguration" finished-at="2024-12-01T19:54:25 IST" duration-ms="25593" status="PASS">
          <params>
            <param index="0">
              <value>
                <![CDATA[chrome]]>
              </value>
            </param>
            <param index="1">
              <value>
                <![CDATA[QA]]>
              </value>
            </param>
          </params>
          <reporter-output>
          </reporter-output>
        </test-method> <!-- browserlaunchconfiguration -->
        <test-method is-config="true" signature="browserQuitconfiguration()[pri:0, instance:runners.Runner@3c19aaa5]" started-at="2024-12-01T19:54:25 IST" name="browserQuitconfiguration" finished-at="2024-12-01T19:54:25 IST" duration-ms="256" status="PASS">
          <reporter-output>
          </reporter-output>
        </test-method> <!-- browserQuitconfiguration -->
        <test-method is-config="true" signature="tearDownClass()[pri:0, instance:runners.Runner@3c19aaa5]" started-at="2024-12-01T19:54:25 IST" name="tearDownClass" finished-at="2024-12-01T19:54:25 IST" duration-ms="3" status="PASS">
          <reporter-output>
          </reporter-output>
        </test-method> <!-- tearDownClass -->
      </class> <!-- runners.Runner -->
    </test> <!-- selenium -->
  </suite> <!-- Suite -->
</testng-results>
