<?xml version="1.0" encoding="UTF-8"?>
<testng-results ignored="0" total="0" passed="0" failed="0" skipped="0">
  <reporter-output>
  </reporter-output>
  <suite started-at="2024-11-30T21:24:23 IST" name="Suite" finished-at="2024-11-30T21:24:53 IST" duration-ms="30488">
    <groups>
      <group name="cucumber">
        <method signature="AbstractTestNGCucumberTests.runScenario(io.cucumber.testng.PickleWrapper,io.cucumber.testng.FeatureWrapper)[pri:0, instance:runners.cypress@7d8995e]" name="runScenario" class="io.cucumber.testng.AbstractTestNGCucumberTests"/>
        <method signature="AbstractTestNGCucumberTests.runScenario(io.cucumber.testng.PickleWrapper,io.cucumber.testng.FeatureWrapper)[pri:0, instance:runners.Runner@618b19ad]" name="runScenario" class="io.cucumber.testng.AbstractTestNGCucumberTests"/>
      </group> <!-- cucumber -->
    </groups>
    <test started-at="2024-11-30T21:24:23 IST" name="selenium" finished-at="2024-11-30T21:24:30 IST" duration-ms="7056">
      <class name="runners.Runner">
        <test-method is-config="true" signature="setUpClass(org.testng.ITestContext)[pri:0, instance:runners.Runner@618b19ad]" started-at="2024-11-30T21:24:23 IST" name="setUpClass" finished-at="2024-11-30T21:24:23 IST" duration-ms="118" status="PASS">
          <params>
            <param index="0">
              <value>
                <![CDATA[org.testng.TestRunner@2df3b89c]]>
              </value>
            </param>
          </params>
          <reporter-output>
          </reporter-output>
        </test-method> <!-- setUpClass -->
        <test-method is-config="true" signature="browserlaunchconfiguration(java.lang.String,java.lang.String)[pri:0, instance:runners.Runner@618b19ad]" started-at="2024-11-30T21:24:23 IST" name="browserlaunchconfiguration" finished-at="2024-11-30T21:24:29 IST" duration-ms="6713" status="PASS">
          <params>
            <param index="0">
              <value>
                <![CDATA[chrome]]>
              </value>
            </param>
            <param index="1">
              <value>
                <![CDATA[QA]]>
              </value>
            </param>
          </params>
          <reporter-output>
          </reporter-output>
        </test-method> <!-- browserlaunchconfiguration -->
        <test-method is-config="true" signature="browserQuitconfiguration()[pri:0, instance:runners.Runner@618b19ad]" started-at="2024-11-30T21:24:29 IST" name="browserQuitconfiguration" finished-at="2024-11-30T21:24:30 IST" duration-ms="193" status="PASS">
          <reporter-output>
          </reporter-output>
        </test-method> <!-- browserQuitconfiguration -->
        <test-method is-config="true" signature="tearDownClass()[pri:0, instance:runners.Runner@618b19ad]" started-at="2024-11-30T21:24:30 IST" name="tearDownClass" finished-at="2024-11-30T21:24:30 IST" duration-ms="4" status="PASS">
          <reporter-output>
          </reporter-output>
        </test-method> <!-- tearDownClass -->
      </class> <!-- runners.Runner -->
    </test> <!-- selenium -->
    <test started-at="2024-11-30T21:24:23 IST" name="cypress" finished-at="2024-11-30T21:24:53 IST" duration-ms="30488">
      <class name="runners.cypress">
        <test-method is-config="true" signature="setUpClass(org.testng.ITestContext)[pri:0, instance:runners.cypress@7d8995e]" started-at="2024-11-30T21:24:23 IST" name="setUpClass" finished-at="2024-11-30T21:24:23 IST" duration-ms="118" status="PASS">
          <params>
            <param index="0">
              <value>
                <![CDATA[org.testng.TestRunner@38afe297]]>
              </value>
            </param>
          </params>
          <reporter-output>
          </reporter-output>
        </test-method> <!-- setUpClass -->
        <test-method is-config="true" signature="browserlaunchconfiguration(java.lang.String,java.lang.String)[pri:0, instance:runners.cypress@7d8995e]" started-at="2024-11-30T21:24:23 IST" name="browserlaunchconfiguration" finished-at="2024-11-30T21:24:53 IST" duration-ms="30348" status="PASS">
          <params>
            <param index="0">
              <value>
                <![CDATA[chrome]]>
              </value>
            </param>
            <param index="1">
              <value>
                <![CDATA[QA]]>
              </value>
            </param>
          </params>
          <reporter-output>
          </reporter-output>
        </test-method> <!-- browserlaunchconfiguration -->
        <test-method is-config="true" signature="tearDownClass()[pri:0, instance:runners.cypress@7d8995e]" started-at="2024-11-30T21:24:53 IST" name="tearDownClass" finished-at="2024-11-30T21:24:53 IST" duration-ms="1" status="PASS">
          <reporter-output>
          </reporter-output>
        </test-method> <!-- tearDownClass -->
      </class> <!-- runners.cypress -->
    </test> <!-- cypress -->
  </suite> <!-- Suite -->
</testng-results>
